Started : GET : /url for ::1 at Thu Aug 30 2018 15:07:10 GMT+0530 (India Standard Time)
            Completed : 200 in  105.597ms 

Started : GET : /url for ::1 at Thu Aug 30 2018 15:07:31 GMT+0530 (India Standard Time)
            Completed : 200 in  23.416ms 

Started : GET : /url/info/tags?names=Git for ::1 at Thu Aug 30 2018 15:08:42 GMT+0530 (India Standard Time)
            Completed : 200 in  176.982ms 

Started : GET : /url/hashedUrl/ZmxU8r for ::1 at Thu Aug 30 2018 15:14:36 GMT+0530 (India Standard Time)
              Completed : 200 in  357.976ms 

Started : GET : /url for ::1 at Thu Aug 30 2018 15:18:08 GMT+0530 (India Standard Time)
              Completed : 200 in  828.163ms 

Started : GET : / for ::1 at Fri Aug 31 2018 16:17:21 GMT+0530 (India Standard Time)
              Completed : 404 in  9.662ms 

Started : GET : /favicon.ico for ::1 at Fri Aug 31 2018 16:17:22 GMT+0530 (India Standard Time)
              Completed : 404 in  0.827ms 

Started : GET : / for ::1 at Fri Aug 31 2018 16:17:29 GMT+0530 (India Standard Time)
              Completed : 404 in  0.746ms 

Started : GET : / for ::1 at Fri Aug 31 2018 16:18:11 GMT+0530 (India Standard Time)
              Completed : 404 in  7.660ms 

Started : GET : /url for ::1 at Fri Aug 31 2018 16:19:46 GMT+0530 (India Standard Time)
              Completed : 200 in  6003.502ms 

Started : GET : / for ::1 at Fri Aug 31 2018 16:20:20 GMT+0530 (India Standard Time)
              Completed : 404 in  3.232ms 

Started : GET : /url for ::1 at Fri Aug 31 2018 16:20:26 GMT+0530 (India Standard Time)
              Completed : 304 in  56.417ms 

Started : GET : /url for ::1 at Fri Aug 31 2018 16:21:03 GMT+0530 (India Standard Time)
              Completed : 200 in  21.591ms 

Started : GET : /url for ::1 at Fri Aug 31 2018 16:28:57 GMT+0530 (India Standard Time)
              Completed : 304 in  19.776ms 

Started : GET : /url for ::1 at Fri Aug 31 2018 16:35:16 GMT+0530 (India Standard Time)
              Completed : 304 in  21.757ms 

Started : GET : /url for ::1 at Fri Aug 31 2018 16:38:31 GMT+0530 (India Standard Time)
              Completed : 304 in  20.197ms 

Started : GET : /table for ::1 at Fri Aug 31 2018 17:02:49 GMT+0530 (India Standard Time)
              Completed : 404 in  10.607ms 

Started : GET : /favicon.ico for ::1 at Fri Aug 31 2018 17:02:51 GMT+0530 (India Standard Time)
              Completed : 404 in  1.196ms 

Started : GET : /url/table for ::1 at Fri Aug 31 2018 17:02:59 GMT+0530 (India Standard Time)
              Completed : 500 in  10.747ms 

Started : GET : /url/table for ::1 at Fri Aug 31 2018 17:03:04 GMT+0530 (India Standard Time)
              Completed : 500 in  0.792ms 

Started : GET : /url/table for ::1 at Fri Aug 31 2018 17:03:10 GMT+0530 (India Standard Time)
              Completed : 500 in  0.983ms 

Started : GET : /url/table for ::1 at Fri Aug 31 2018 17:03:15 GMT+0530 (India Standard Time)
              Completed : 500 in  0.765ms 

Started : GET : /url/table for ::1 at Fri Aug 31 2018 17:03:34 GMT+0530 (India Standard Time)
              Completed : 500 in  15.110ms 

Started : GET : /url/table for ::1 at Fri Aug 31 2018 17:04:41 GMT+0530 (India Standard Time)
              Completed : 500 in  16.171ms 

Started : GET : /url/table for ::1 at Fri Aug 31 2018 17:05:46 GMT+0530 (India Standard Time)
              Completed : 500 in  2.362ms 

Started : GET : /url/table for ::1 at Fri Aug 31 2018 17:07:55 GMT+0530 (India Standard Time)
              Completed : 200 in  5654.288ms 

Started : GET : /url/table for ::1 at Fri Aug 31 2018 17:08:50 GMT+0530 (India Standard Time)
              Completed : 200 in  2211.193ms 

Started : GET : /url/table for ::1 at Fri Aug 31 2018 17:10:48 GMT+0530 (India Standard Time)
              Completed : 200 in  60.520ms 

Started : GET : /url/table for ::ffff:127.0.0.1 at Fri Aug 31 2018 17:13:33 GMT+0530 (India Standard Time)
              Completed : 200 in  2660.715ms 

Started : GET : /url/table for ::ffff:127.0.0.1 at Fri Aug 31 2018 17:13:37 GMT+0530 (India Standard Time)
              Completed : 304 in  54.474ms 

Started : GET : /url/table for ::1 at Fri Aug 31 2018 17:14:12 GMT+0530 (India Standard Time)
              Completed : 200 in  3018.751ms 

Started : GET : /url/table for ::ffff:127.0.0.1 at Fri Aug 31 2018 17:14:47 GMT+0530 (India Standard Time)
              Completed : 200 in  2319.385ms 

Started : GET : /url for ::1 at Fri Aug 31 2018 17:20:04 GMT+0530 (India Standard Time)
              Completed : 200 in  736.166ms 

Started : GET : /url for ::ffff:127.0.0.1 at Fri Aug 31 2018 17:23:20 GMT+0530 (India Standard Time)
              Completed : undefined in  undefinedms 

Started : GET : /url/table for ::1 at Fri Aug 31 2018 17:23:22 GMT+0530 (India Standard Time)
              Completed : 200 in  2469.392ms 

Started : GET : /url/ for ::1 at Fri Aug 31 2018 17:29:34 GMT+0530 (India Standard Time)
              Completed : 200 in  28.310ms 

Started : GET : /url/table for ::1 at Fri Aug 31 2018 17:29:58 GMT+0530 (India Standard Time)
              Completed : 304 in  78.307ms 

Started : GET : /url/table for ::1 at Fri Aug 31 2018 17:30:01 GMT+0530 (India Standard Time)
              Completed : 304 in  84.854ms 

Started : GET : /url/table for ::1 at Fri Aug 31 2018 17:33:38 GMT+0530 (India Standard Time)
              Completed : 500 in  2300.637ms 

Started : GET : /url/table for ::ffff:127.0.0.1 at Fri Aug 31 2018 17:34:48 GMT+0530 (India Standard Time)
              Completed : 500 in  2147.664ms 

Started : GET : /url/table for ::1 at Fri Aug 31 2018 17:43:15 GMT+0530 (India Standard Time)
              Completed : 500 in  2257.523ms 

Started : GET : /url/table for ::1 at Fri Aug 31 2018 17:45:28 GMT+0530 (India Standard Time)
              Completed : 500 in  2319.765ms 

Started : GET : /url/table for ::1 at Fri Aug 31 2018 17:46:46 GMT+0530 (India Standard Time)
              Completed : 500 in  165.491ms 

Started : GET : /url/table for ::1 at Fri Aug 31 2018 17:48:31 GMT+0530 (India Standard Time)
              Completed : 500 in  2291.599ms 

Started : GET : /url/table for ::1 at Fri Aug 31 2018 17:49:16 GMT+0530 (India Standard Time)
              Completed : 500 in  84.452ms 

Started : GET : /url/table for ::1 at Fri Aug 31 2018 17:49:21 GMT+0530 (India Standard Time)
              Completed : 500 in  59.761ms 

Started : GET : /url/table for ::1 at Fri Aug 31 2018 17:49:54 GMT+0530 (India Standard Time)
              Completed : 500 in  43.435ms 

Started : GET : /url/table for ::1 at Fri Aug 31 2018 17:52:23 GMT+0530 (India Standard Time)
              Completed : 200 in  3512.448ms 

Started : GET : /url/table for ::1 at Fri Aug 31 2018 17:52:41 GMT+0530 (India Standard Time)
              Completed : 200 in  67.369ms 

Started : GET : /url/table for ::1 at Fri Aug 31 2018 17:55:12 GMT+0530 (India Standard Time)
              Completed : 500 in  51.970ms 

Started : GET : /url/table for ::1 at Fri Aug 31 2018 17:56:56 GMT+0530 (India Standard Time)
              Completed : 500 in  25.746ms 

Started : GET : /url/table for ::1 at Fri Aug 31 2018 17:57:06 GMT+0530 (India Standard Time)
              Completed : 500 in  24.080ms 

Started : GET : /url/table for ::1 at Fri Aug 31 2018 17:58:04 GMT+0530 (India Standard Time)
              Completed : undefined in  undefinedms 

Started : GET : /url/table for ::1 at Fri Aug 31 2018 17:58:09 GMT+0530 (India Standard Time)
              Completed : 200 in  3661.880ms 

Started : GET : /url/table for ::1 at Fri Aug 31 2018 17:58:26 GMT+0530 (India Standard Time)
              Completed : 200 in  92.748ms 

Started : GET : /url/table for ::1 at Fri Aug 31 2018 17:59:35 GMT+0530 (India Standard Time)
              Completed : 200 in  89.863ms 

Started : GET : /url/table for ::1 at Fri Aug 31 2018 17:59:41 GMT+0530 (India Standard Time)
              Completed : 500 in  37.136ms 

Started : GET : /url/table for ::1 at Fri Aug 31 2018 18:04:32 GMT+0530 (India Standard Time)
              Completed : 200 in  58.266ms 

Started : GET : /url/table for ::1 at Fri Aug 31 2018 18:04:47 GMT+0530 (India Standard Time)
              Completed : 200 in  82.328ms 

Started : GET : /url/table for ::1 at Fri Aug 31 2018 18:05:10 GMT+0530 (India Standard Time)
              Completed : 500 in  32.142ms 

Started : GET : /url/table for ::1 at Fri Aug 31 2018 18:06:30 GMT+0530 (India Standard Time)
              Completed : 200 in  66.043ms 

Started : GET : /url/table for ::1 at Fri Aug 31 2018 18:06:48 GMT+0530 (India Standard Time)
              Completed : 200 in  108.201ms 

Started : GET : / for ::1 at Fri Aug 31 2018 18:08:55 GMT+0530 (India Standard Time)
              Completed : 404 in  2.994ms 

Started : GET : /url for ::1 at Fri Aug 31 2018 18:08:59 GMT+0530 (India Standard Time)
              Completed : 200 in  16.529ms 

Started : GET : /url/table for ::1 at Fri Aug 31 2018 18:10:15 GMT+0530 (India Standard Time)
              Completed : 200 in  65.463ms 

Started : GET : /url/table for ::1 at Fri Aug 31 2018 18:10:56 GMT+0530 (India Standard Time)
              Completed : 200 in  87.423ms 

Started : GET : /url/table for ::1 at Sat Sep 01 2018 10:19:56 GMT+0530 (India Standard Time)
              Completed : 304 in  5789.998ms 

Started : GET : /favicon.ico for ::1 at Sat Sep 01 2018 10:19:57 GMT+0530 (India Standard Time)
              Completed : 404 in  3.229ms 

Started : GET : / for ::1 at Mon Sep 03 2018 16:12:26 GMT+0530 (India Standard Time)
              Completed : 404 in  12.684ms 

Started : GET : /favicon.ico for ::1 at Mon Sep 03 2018 16:12:28 GMT+0530 (India Standard Time)
              Completed : 404 in  1.251ms 

Started : GET : /table for ::1 at Mon Sep 03 2018 16:12:51 GMT+0530 (India Standard Time)
              Completed : 404 in  0.561ms 

Started : GET : /url/table for ::1 at Mon Sep 03 2018 16:14:43 GMT+0530 (India Standard Time)
              Completed : 304 in  12711.375ms 

Started : GET : /url for ::ffff:127.0.0.1 at Mon Sep 03 2018 16:57:51 GMT+0530 (India Standard Time)
              Completed : 304 in  1080.278ms 

Started : GET : /favicon.ico for ::ffff:127.0.0.1 at Mon Sep 03 2018 16:57:52 GMT+0530 (India Standard Time)
              Completed : 404 in  2.449ms 

Started : GET : /users for ::1 at Tue Sep 04 2018 19:35:47 GMT+0530 (India Standard Time)
              Completed : 200 in  12.127ms 

Started : POST : /users for ::1 at Tue Sep 04 2018 19:36:59 GMT+0530 (India Standard Time)
              Completed : 400 in  107.064ms 

Started : POST : /users for ::1 at Tue Sep 04 2018 19:37:02 GMT+0530 (India Standard Time)
              Completed : 400 in  8.970ms 

Started : POST : /users for ::1 at Tue Sep 04 2018 19:38:56 GMT+0530 (India Standard Time)
              Completed : 400 in  124.196ms 

Started : POST : /users for ::ffff:127.0.0.1 at Tue Sep 04 2018 19:42:29 GMT+0530 (India Standard Time)
              Completed : 400 in  106.982ms 

Started : GET : /url for ::1 at Tue Sep 04 2018 20:02:55 GMT+0530 (India Standard Time)
              Completed : 304 in  94.370ms 

Started : GET : /url/users for ::1 at Tue Sep 04 2018 20:02:59 GMT+0530 (India Standard Time)
              Completed : 200 in  18.868ms 

Started : GET : /favicon.ico for ::1 at Tue Sep 04 2018 20:03:00 GMT+0530 (India Standard Time)
              Completed : 404 in  1.330ms 

Started : GET : /url/ for ::1 at Tue Sep 04 2018 20:03:06 GMT+0530 (India Standard Time)
              Completed : 200 in  16.441ms 

Started : POST : /users for ::1 at Tue Sep 04 2018 20:07:11 GMT+0530 (India Standard Time)
              Completed : 400 in  128.740ms 

Started : POST : /users for ::1 at Tue Sep 04 2018 20:14:16 GMT+0530 (India Standard Time)
              Completed : 200 in  2200.319ms 

Started : POST : /users for ::1 at Tue Sep 04 2018 20:15:15 GMT+0530 (India Standard Time)
              Completed : 200 in  25.267ms 

Started : GET : /users for ::1 at Wed Sep 05 2018 22:24:01 GMT+0530 (India Standard Time)
              Completed : 200 in  244.987ms 

Started : GET : /users/profile for ::1 at Wed Sep 05 2018 22:25:23 GMT+0530 (India Standard Time)
              Completed : 200 in  75.968ms 

Started : GET : /users/profile for ::1 at Wed Sep 05 2018 22:25:33 GMT+0530 (India Standard Time)
              Completed : 401 in  2.699ms 

Started : GET : /users/profile for ::1 at Wed Sep 05 2018 22:25:40 GMT+0530 (India Standard Time)
              Completed : 401 in  1.154ms 

Started : GET : /users/profile for ::1 at Wed Sep 05 2018 22:25:52 GMT+0530 (India Standard Time)
              Completed : 200 in  11.966ms 

Started : GET : /users/profile for ::1 at Wed Sep 05 2018 22:26:22 GMT+0530 (India Standard Time)
              Completed : 200 in  7.889ms 

Started : GET : /users for ::1 at Fri Sep 07 2018 10:03:36 GMT+0530 (India Standard Time)
              Completed : 200 in  1982.316ms 

Started : POST : /url for ::1 at Fri Sep 07 2018 10:11:43 GMT+0530 (India Standard Time)
              Completed : 500 in  29.188ms 

Started : POST : /url for ::1 at Fri Sep 07 2018 10:11:47 GMT+0530 (India Standard Time)
              Completed : 500 in  4.016ms 

Started : POST : /users for ::1 at Fri Sep 07 2018 10:12:06 GMT+0530 (India Standard Time)
              Completed : 200 in  659.751ms 

Started : POST : /url for ::1 at Fri Sep 07 2018 10:14:25 GMT+0530 (India Standard Time)
              Completed : 500 in  8.199ms 

Started : POST : /url for ::1 at Fri Sep 07 2018 10:16:10 GMT+0530 (India Standard Time)
              Completed : 500 in  52.242ms 

Started : POST : /url for ::1 at Fri Sep 07 2018 10:33:30 GMT+0530 (India Standard Time)
              Completed : 500 in  37.878ms 

Started : POST : /url for ::1 at Fri Sep 07 2018 10:40:19 GMT+0530 (India Standard Time)
              Completed : 500 in  37.549ms 

Started : POST : /users for ::1 at Sat Sep 08 2018 15:29:11 GMT+0530 (India Standard Time)
              Completed : 200 in  693.894ms 

Started : GET : /url for ::1 at Sat Sep 08 2018 15:42:11 GMT+0530 (India Standard Time)
              Completed : 200 in  44.608ms 

Started : GET : /users for ::1 at Sat Sep 08 2018 15:43:33 GMT+0530 (India Standard Time)
              Completed : 200 in  22.545ms 

Started : POST : /users for ::1 at Sat Sep 08 2018 15:44:53 GMT+0530 (India Standard Time)
              Completed : 200 in  450.765ms 

Started : GET : /url for ::1 at Sat Sep 08 2018 15:45:19 GMT+0530 (India Standard Time)
              Completed : 200 in  4.951ms 

Started : GET : /url for ::1 at Sat Sep 08 2018 15:46:27 GMT+0530 (India Standard Time)
              Completed : 200 in  4.055ms 

Started : GET : /urls for ::1 at Sat Sep 08 2018 15:46:32 GMT+0530 (India Standard Time)
              Completed : 404 in  1.406ms 

Started : POST : /url for ::1 at Sat Sep 08 2018 15:48:14 GMT+0530 (India Standard Time)
              Completed : 500 in  14.477ms 

Started : POST : /url for ::1 at Sat Sep 08 2018 15:50:43 GMT+0530 (India Standard Time)
              Completed : 500 in  3.910ms 

Started : POST : /url for ::1 at Sat Sep 08 2018 15:51:31 GMT+0530 (India Standard Time)
              Completed : 500 in  74.898ms 

Started : POST : /url for ::1 at Sat Sep 08 2018 15:52:04 GMT+0530 (India Standard Time)
              Completed : 500 in  38.174ms 

Started : POST : /url for ::1 at Sat Sep 08 2018 15:53:19 GMT+0530 (India Standard Time)
              Completed : 500 in  12.120ms 

Started : POST : /url for ::1 at Sat Sep 08 2018 15:54:00 GMT+0530 (India Standard Time)
              Completed : 500 in  5.172ms 

Started : POST : /url for ::1 at Sat Sep 08 2018 15:59:41 GMT+0530 (India Standard Time)
              Completed : 200 in  1753.226ms 

Started : GET : /url for ::1 at Sat Sep 08 2018 16:00:37 GMT+0530 (India Standard Time)
              Completed : 401 in  4.570ms 

Started : GET : /url for ::1 at Sat Sep 08 2018 16:00:46 GMT+0530 (India Standard Time)
              Completed : 401 in  1.929ms 

Started : GET : /users for ::1 at Sat Sep 08 2018 16:01:18 GMT+0530 (India Standard Time)
              Completed : 200 in  15.329ms 

Started : GET : /url for ::1 at Tue Sep 11 2018 12:21:39 GMT+0530 (India Standard Time)
              Completed : 401 in  20.456ms 

Started : POST : /url for ::1 at Tue Sep 11 2018 12:24:48 GMT+0530 (India Standard Time)
              Completed : 401 in  1.684ms 

Started : POST : /url for ::1 at Tue Sep 11 2018 12:31:41 GMT+0530 (India Standard Time)
              Completed : 401 in  12.503ms 

Started : POST : /users for ::1 at Tue Sep 11 2018 12:35:55 GMT+0530 (India Standard Time)
              Completed : 200 in  788.204ms 

Started : POST : /users/logout for ::1 at Tue Sep 11 2018 12:39:06 GMT+0530 (India Standard Time)
              Completed : 404 in  2.560ms 

Started : POST : /users/login for ::1 at Tue Sep 11 2018 12:39:59 GMT+0530 (India Standard Time)
              Completed : 200 in  634.045ms 

Started : POST : /users/logi for ::1 at Tue Sep 11 2018 12:41:01 GMT+0530 (India Standard Time)
              Completed : 404 in  0.731ms 

Started : POST : /users for ::1 at Tue Sep 11 2018 12:41:07 GMT+0530 (India Standard Time)
              Completed : 200 in  435.039ms 

Started : POST : / for ::1 at Tue Sep 11 2018 12:42:23 GMT+0530 (India Standard Time)
              Completed : 404 in  0.531ms 

Started : POST : /url for ::1 at Tue Sep 11 2018 12:42:40 GMT+0530 (India Standard Time)
              Completed : 200 in  109.552ms 

Started : DELETE : /users/logout for ::1 at Tue Sep 11 2018 12:46:13 GMT+0530 (India Standard Time)
              Completed : 200 in  48.267ms 

Started : POST : /users/login for ::1 at Tue Sep 11 2018 12:46:57 GMT+0530 (India Standard Time)
              Completed : 200 in  452.849ms 

Started : POST : /url for ::1 at Tue Sep 11 2018 12:48:26 GMT+0530 (India Standard Time)
              Completed : 200 in  15.726ms 

